Incident Identifier: 4B71A002-7212-4957-A35A-507312B5C091
CrashReporter Key:   95671eb4603080a2195f976665443fa10d3315e2
Hardware Model:      iPad3,4
Process:             CrashAnalyse [678]
Path:                /private/var/mobile/Containers/Bundle/Application/4A9599C3-1F44-4A3B-B32E-1B8467896E7B/CrashAnalyse.app/CrashAnalyse
Identifier:          com.chinasofti.rcs
Version:             1 (1.0)
Code Type:           ARM (Native)
Parent Process:      launchd [1]

Date/Time:           2015-05-15 20:46:32.173 +0800
Launch Time:         2015-05-15 20:41:49.673 +0800
OS Version:          iOS 8.3 (12F69)
Report Version:      105

Exception Type:  EXC_CRASH (SIGABRT)
Exception Codes: 0x0000000000000000, 0x0000000000000000
Triggered by Thread:  0

Last Exception Backtrace:
0   CoreFoundation                	0x265d1fea __exceptionPreprocess + 122
1   libobjc.A.dylib               	0x34881c86 objc_exception_throw + 34
2   CoreFoundation                	0x264ebef6 -[__NSArrayM insertObject:atIndex:] + 634
3   CrashAnalyse                  	0x00089946 -[ViewController btnArrayAddNil:] (ViewController.m:24)
4   UIKit                         	0x29c57e26 -[UIApplication sendAction:to:from:forEvent:] + 66
5   UIKit                         	0x29c57dcc -[UIControl sendAction:to:forEvent:] + 40
6   UIKit                         	0x29c429be -[UIControl _sendActionsForEvents:withEvent:] + 578
7   UIKit                         	0x29c57838 -[UIControl touchesEnded:withEvent:] + 584
8   UIKit                         	0x29c57512 -[UIWindow _sendTouchesForEvent:] + 518
9   UIKit                         	0x29c50dec -[UIWindow sendEvent:] + 540
10  UIKit                         	0x29c26fe0 -[UIApplication sendEvent:] + 192
11  UIKit                         	0x29e9d8f6 _UIApplicationHandleEventFromQueueEvent + 14410
12  UIKit                         	0x29c259f4 _UIApplicationHandleEventQueue + 1348
13  CoreFoundation                	0x26597faa __CFRUNLOOP_IS_CALLING_OUT_TO_A_SOURCE0_PERFORM_FUNCTION__ + 10
14  CoreFoundation                	0x265973ba __CFRunLoopDoSources0 + 214
15  CoreFoundation                	0x26595a20 __CFRunLoopRun + 768
16  CoreFoundation                	0x264e21fc CFRunLoopRunSpecific + 472
17  CoreFoundation                	0x264e200e CFRunLoopRunInMode + 102
18  GraphicsServices              	0x2dcaf1fc GSEventRunModal + 132
19  UIKit                         	0x29c86a54 UIApplicationMain + 1436
20  CrashAnalyse                  	0x00089ad2 main (main.m:14)
21  libdyld.dylib                 	0x34e0daaa tlv_initializer + 2


Thread 0 name:  Dispatch queue: com.apple.main-thread
Thread 0 Crashed:
0   libsystem_kernel.dylib        	0x34ed7df0 __pthread_kill + 8
1   libsystem_pthread.dylib       	0x34f56cc2 pthread_kill + 58
2   libsystem_c.dylib             	0x34e7395e __abort + 74
3   libsystem_c.dylib             	0x34e73910 abort + 84
4   libc++abi.dylib               	0x341a09c4 abort_message + 84
5   libc++abi.dylib               	0x341ba66c default_terminate_handler() + 264
6   libobjc.A.dylib               	0x34881f22 _objc_terminate() + 190
7   CrashAnalyse                  	0x000a298c CLSTerminateHandler() + 528
8   libc++abi.dylib               	0x341b7de0 std::__terminate(void (*)()) + 76
9   libc++abi.dylib               	0x341b78aa __cxa_rethrow + 98
10  libobjc.A.dylib               	0x34881dce objc_exception_rethrow + 38
11  CoreFoundation                	0x264e2298 CFRunLoopRunSpecific + 628
12  CoreFoundation                	0x264e200e CFRunLoopRunInMode + 102
13  GraphicsServices              	0x2dcaf1fc GSEventRunModal + 132
14  UIKit                         	0x29c86a54 UIApplicationMain + 1436
15  CrashAnalyse                  	0x00089ad2 main (main.m:14)
16  libdyld.dylib                 	0x34e0daac start + 0

Thread 1 name:  Dispatch queue: com.apple.libdispatch-manager
Thread 1:
0   libsystem_kernel.dylib        	0x34ec4224 kevent64 + 24
1   libdispatch.dylib             	0x34df90ec _dispatch_mgr_invoke + 276
2   libdispatch.dylib             	0x34dedd36 _dispatch_mgr_thread + 34

Thread 2 name:  com.twitter.crashlytics.mac.MachExceptionServer
Thread 2:
0   libsystem_kernel.dylib        	0x34ec4474 mach_msg_trap + 20
1   libsystem_kernel.dylib        	0x34ec4268 mach_msg + 36
2   CrashAnalyse                  	0x0008cd80 CLSMachExceptionServer + 120
3   libsystem_pthread.dylib       	0x34f55e20 _pthread_body + 136
4   libsystem_pthread.dylib       	0x34f55d92 _pthread_start + 114
5   libsystem_pthread.dylib       	0x34f53b1c thread_start + 4

Thread 3 name:  com.apple.NSURLConnectionLoader
Thread 3:
0   libsystem_kernel.dylib        	0x34ec4474 mach_msg_trap + 20
1   libsystem_kernel.dylib        	0x34ec4268 mach_msg + 36
2   CoreFoundation                	0x2659756e __CFRunLoopServiceMachPort + 142
3   CoreFoundation                	0x26595b14 __CFRunLoopRun + 1012
4   CoreFoundation                	0x264e21fc CFRunLoopRunSpecific + 472
5   CoreFoundation                	0x264e200e CFRunLoopRunInMode + 102
6   CFNetwork                     	0x260807ea +[NSURLConnection(Loader) _resourceLoadLoop:] + 482
7   Foundation                    	0x273103b6 __NSThread__main__ + 1114
8   libsystem_pthread.dylib       	0x34f55e20 _pthread_body + 136
9   libsystem_pthread.dylib       	0x34f55d92 _pthread_start + 114
10  libsystem_pthread.dylib       	0x34f53b1c thread_start + 4

Thread 4 name:  com.apple.CFSocket.private
Thread 4:
0   libsystem_kernel.dylib        	0x34ed8080 __select + 20
1   CoreFoundation                	0x2659bd60 __CFSocketManager + 532
2   libsystem_pthread.dylib       	0x34f55e20 _pthread_body + 136
3   libsystem_pthread.dylib       	0x34f55d92 _pthread_start + 114
4   libsystem_pthread.dylib       	0x34f53b1c thread_start + 4

Thread 5:
0   libsystem_kernel.dylib        	0x34ed89c0 __workq_kernreturn + 8
1   libsystem_pthread.dylib       	0x34f53e38 _pthread_wqthread + 788
2   libsystem_pthread.dylib       	0x34f53b10 start_wqthread + 4

Thread 0 crashed with ARM Thread State (32-bit):
    r0: 0x00000000    r1: 0x00000000      r2: 0x00000000      r3: 0xffffffff
    r4: 0x00000006    r5: 0x3772a9dc      r6: 0x37716840      r7: 0x001e6358
    r8: 0x17581200    r9: 0x34f52851     r10: 0x37715074     r11: 0x17581224
    ip: 0x00000148    sp: 0x001e634c      lr: 0x34f56cc7      pc: 0x34ed7df0
  cpsr: 0x00000010

Binary Images:
0x83000 - 0xcafff CrashAnalyse armv7  <c596676394583972b31b0bccd82aeded> /var/mobile/Containers/Bundle/Application/4A9599C3-1F44-4A3B-B32E-1B8467896E7B/CrashAnalyse.app/CrashAnalyse
0x4a7c000 - 0x4a7ffff GeoServices armv7s  <b2181ff7500d348a8982187a26adc68a> /System/Library/AccessibilityBundles/GeoServices.axbundle/GeoServices
0x1fe51000 - 0x1fe74fff dyld armv7s  <df87e897be5f387088b474d9207c9622> /usr/lib/dyld
0x24be3000 - 0x24bebfff AccessibilitySettingsLoader armv7s  <7e8719e0b07a3ac99592d59d8e3082e6> /System/Library/AccessibilityBundles/AccessibilitySettingsLoader.bundle/AccessibilitySettingsLoader
0x24c51000 - 0x24c57fff PreferencesFramework armv7s  <c6d9e4594de436f1af105481de711dd6> /System/Library/AccessibilityBundles/PreferencesFramework.axbundle/PreferencesFramework
0x24c5a000 - 0x24c63fff QuickSpeak armv7s  <cbaf8f9f26203ea6836dd2e4ef125a45> /System/Library/AccessibilityBundles/QuickSpeak.bundle/QuickSpeak
0x24c7c000 - 0x24cf0fff UIKit armv7s  <1b8b26d5649a3eeebb8bab283f5c1577> /System/Library/AccessibilityBundles/UIKit.axbundle/UIKit
0x24cf5000 - 0x24d02fff WebCore armv7s  <e1fe9b833e983aedb4107fdce21cc90a> /System/Library/AccessibilityBundles/WebCore.axbundle/WebCore
0x24d03000 - 0x24d04fff WebKit armv7s  <9a3ddff726ca3404973e1357702e780f> /System/Library/AccessibilityBundles/WebKit.axbundle/WebKit
0x24d05000 - 0x24d0bfff WebKitLegacy armv7s  <61959f98f3603d8da54d8b17f8561884> /System/Library/AccessibilityBundles/WebKitLegacy.axbundle/WebKitLegacy
0x25048000 - 0x251b5fff AVFoundation armv7s  <efaed7c5e5373f8bbe61c63db6e85163> /System/Library/Frameworks/AVFoundation.framework/AVFoundation
0x251b6000 - 0x25215fff libAVFAudio.dylib armv7s  <716f67df6bee3eef8d1a287c86dd7440> /System/Library/Frameworks/AVFoundation.framework/libAVFAudio.dylib
0x2524f000 - 0x2524ffff Accelerate armv7s  <d6e79ebd2d24313582f3dd89e664251c> /System/Library/Frameworks/Accelerate.framework/Accelerate
0x25260000 - 0x2547bfff vImage armv7s  <3c4e9420a6e6348d85c9b0f7b9b7cf14> /System/Library/Frameworks/Accelerate.framework/Frameworks/vImage.framework/vImage
0x2547c000 - 0x25562fff libBLAS.dylib armv7s  <bf2a50f70dbc3a08a259a2ba346ba74c> /System/Library/Frameworks/Accelerate.framework/Frameworks/vecLib.framework/libBLAS.dylib
0x25563000 - 0x25827fff libLAPACK.dylib armv7s  <e2a7a7dd5724334395c7002b32e99ffd> /System/Library/Frameworks/Accelerate.framework/Frameworks/vecLib.framework/libLAPACK.dylib
0x25828000 - 0x25839fff libLinearAlgebra.dylib armv7s  <8dfa07216f6c3d1ca2af1c83e1526f35> /System/Library/Frameworks/Accelerate.framework/Frameworks/vecLib.framework/libLinearAlgebra.dylib
0x2583a000 - 0x258b6fff libvDSP.dylib armv7s  <8bd3caf07dbd3c2c80a0e6a5f57d0083> /System/Library/Frameworks/Accelerate.framework/Frameworks/vecLib.framework/libvDSP.dylib
0x258b7000 - 0x258c9fff libvMisc.dylib armv7s  <b33b286bf58a3807a4072ac24577ebae> /System/Library/Frameworks/Accelerate.framework/Frameworks/vecLib.framework/libvMisc.dylib
0x258ca000 - 0x258cafff vecLib armv7s  <04226d0a3067377990d31edca2f9c463> /System/Library/Frameworks/Accelerate.framework/Frameworks/vecLib.framework/vecLib
0x258cb000 - 0x258f2fff Accounts armv7s  <f3dec2db76503c278656684506cd6a94> /System/Library/Frameworks/Accounts.framework/Accounts
0x258f4000 - 0x25962fff AddressBook armv7s  <2d90b80526e5375daa8d2c4fe5f8625a> /System/Library/Frameworks/AddressBook.framework/AddressBook
0x25c23000 - 0x25e99fff AudioToolbox armv7s  <0c82e5802a1d3ca09e3f6c690417c1b5> /System/Library/Frameworks/AudioToolbox.framework/AudioToolbox
0x26004000 - 0x26190fff CFNetwork armv7s  <b7b0c249e2d1366fbbc2faed9ea6c2d2> /System/Library/Frameworks/CFNetwork.framework/CFNetwork
0x26217000 - 0x26276fff CoreAudio armv7s  <617398bf5f8438c8a14e80a398da0eb8> /System/Library/Frameworks/CoreAudio.framework/CoreAudio
0x26292000 - 0x262affff CoreBluetooth armv7s  <65e44d136fd835bfb505b47a564a48d0> /System/Library/Frameworks/CoreBluetooth.framework/CoreBluetooth
0x262b0000 - 0x264c9fff CoreData armv7s  <c85f7a012cdf3d47abeb805e1b0208f3> /System/Library/Frameworks/CoreData.framework/CoreData
0x264ca000 - 0x267f9fff CoreFoundation armv7s  <9a38b5a3f64f3e7196b11f8a44066b12> /System/Library/Frameworks/CoreFoundation.framework/CoreFoundation
0x267fa000 - 0x26924fff CoreGraphics armv7s  <705b009ae8ee3e7b9ac243b3bc7baa81> /System/Library/Frameworks/CoreGraphics.framework/CoreGraphics
0x26964000 - 0x26966fff libCGXType.A.dylib armv7s  <222e3182839a3eef9ebeb7f27ce17f5d> /System/Library/Frameworks/CoreGraphics.framework/Resources/libCGXType.A.dylib
0x26967000 - 0x26971fff libCMSBuiltin.A.dylib armv7s  <240dc89835113419b42a7778b5a03fda> /System/Library/Frameworks/CoreGraphics.framework/Resources/libCMSBuiltin.A.dylib
0x26b59000 - 0x26b74fff libRIP.A.dylib armv7s  <d62f50b773783514906b7363018f7ead> /System/Library/Frameworks/CoreGraphics.framework/Resources/libRIP.A.dylib
0x26b75000 - 0x26c87fff CoreImage armv7s  <bef2a382b49c3d71bb4dfeab25eaf55a> /System/Library/Frameworks/CoreImage.framework/CoreImage
0x26c88000 - 0x26ce0fff CoreLocation armv7s  <904bf2aa926b31bd8180aa4f96b5b17a> /System/Library/Frameworks/CoreLocation.framework/CoreLocation
0x26d12000 - 0x26db0fff CoreMedia armv7s  <d6ca582907363df19f06eac72169d89e> /System/Library/Frameworks/CoreMedia.framework/CoreMedia
0x26db1000 - 0x26e8ffff CoreMotion armv7s  <4db7ac84133b3010924b09280a06d40c> /System/Library/Frameworks/CoreMotion.framework/CoreMotion
0x26e90000 - 0x26eeefff CoreTelephony armv7s  <b450584bb159341686b19c44009182ff> /System/Library/Frameworks/CoreTelephony.framework/CoreTelephony
0x26eef000 - 0x26fbbfff CoreText armv7s  <e9cc7d70b9663b8f9eb95bf1117de95b> /System/Library/Frameworks/CoreText.framework/CoreText
0x26fbc000 - 0x26fd2fff CoreVideo armv7s  <aee415a855293e6580b8055f31aa3c74> /System/Library/Frameworks/CoreVideo.framework/CoreVideo
0x27240000 - 0x27445fff Foundation armv7s  <749f7541aaad3f7aa7f951300f68f56a> /System/Library/Frameworks/Foundation.framework/Foundation
0x27546000 - 0x2759bfff IOKit armv7s  <21ee55741987360e8e3f90116ebd37c5> /System/Library/Frameworks/IOKit.framework/Versions/A/IOKit
0x2759c000 - 0x277e5fff ImageIO armv7s  <a13c2ed9d9553e05b7878af436d8845c> /System/Library/Frameworks/ImageIO.framework/ImageIO
0x277e6000 - 0x27b35fff JavaScriptCore armv7s  <801b241d3da138beaf88e93877f9bb5e> /System/Library/Frameworks/JavaScriptCore.framework/JavaScriptCore
0x27e31000 - 0x27e39fff MediaAccessibility armv7s  <83b4075032063680a3a7a8bbf8dc2dbd> /System/Library/Frameworks/MediaAccessibility.framework/MediaAccessibility
0x2801c000 - 0x2839afff MediaToolbox armv7s  <c8f6b5236f9e36d0b29c1251272d61fb> /System/Library/Frameworks/MediaToolbox.framework/MediaToolbox
0x2845b000 - 0x284cafff Metal armv7s  <b528a8eae690351c99e2670358cdf7f2> /System/Library/Frameworks/Metal.framework/Metal
0x284cb000 - 0x2855ffff MobileCoreServices armv7s  <4188dabd8870371e9a0cd86d6bef4722> /System/Library/Frameworks/MobileCoreServices.framework/MobileCoreServices
0x29104000 - 0x2910cfff OpenGLES armv7s  <8845291d56e43f3788347525023d1043> /System/Library/Frameworks/OpenGLES.framework/OpenGLES
0x2910e000 - 0x2910efff libCVMSPluginSupport.dylib armv7s  <14fae7e17e1432018b1fac77aa6e3eee> /System/Library/Frameworks/OpenGLES.framework/libCVMSPluginSupport.dylib
0x2910f000 - 0x29111fff libCoreFSCache.dylib armv7s  <98be489918a83c3da76d2b63047d942c> /System/Library/Frameworks/OpenGLES.framework/libCoreFSCache.dylib
0x29112000 - 0x29115fff libCoreVMClient.dylib armv7s  <451d1d007b7c337ea2c612ebef4ce309> /System/Library/Frameworks/OpenGLES.framework/libCoreVMClient.dylib
0x29116000 - 0x2911efff libGFXShared.dylib armv7s  <96e5ccfbd03637468a80b10ca1a811de> /System/Library/Frameworks/OpenGLES.framework/libGFXShared.dylib
0x2911f000 - 0x29161fff libGLImage.dylib armv7s  <0e4acee9f8ae3b0c8c948e3aa2cf3610> /System/Library/Frameworks/OpenGLES.framework/libGLImage.dylib
0x29638000 - 0x29796fff QuartzCore armv7s  <9dbf72b7c95b3aeaa7f50936e9940d2e> /System/Library/Frameworks/QuartzCore.framework/QuartzCore
0x299cc000 - 0x29a0dfff Security armv7s  <9ee65e08ae1d3d4fac0ac6e3ce6ab5a0> /System/Library/Frameworks/Security.framework/Security
0x29bb8000 - 0x29c14fff SystemConfiguration armv7s  <dfb2b55b6b2a3fcdab05cd307b0cf1a6> /System/Library/Frameworks/SystemConfiguration.framework/SystemConfiguration
0x29c17000 - 0x2a4c5fff UIKit armv7s  <49b3fc60a8393b03906403aceeb9fbe3> /System/Library/Frameworks/UIKit.framework/UIKit
0x2a4c6000 - 0x2a52dfff VideoToolbox armv7s  <d3a0e8fe9f863917b441a4500969ced4> /System/Library/Frameworks/VideoToolbox.framework/VideoToolbox
0x2a55d000 - 0x2a748fff WebKit armv7s  <2ca62dbf7a8e3eda9c3bfb7cfc0def7a> /System/Library/Frameworks/WebKit.framework/WebKit
0x2aadc000 - 0x2ab01fff AXRuntime armv7s  <fc7437a6a523353e93b09efca00907e1> /System/Library/PrivateFrameworks/AXRuntime.framework/AXRuntime
0x2ab09000 - 0x2ab0efff AXMediaUtilities armv7s  <b67f2d1e991234279458353a55baadfd> /System/Library/PrivateFrameworks/Accessibility.framework/Frameworks/AXMediaUtilities.framework/AXMediaUtilities
0x2ab30000 - 0x2ab37fff AccessibilityUI armv7s  <7412e7cfd82d3020bbe54076dd02a0f8> /System/Library/PrivateFrameworks/Accessibility.framework/Frameworks/AccessibilityUI.framework/AccessibilityUI
0x2ab4f000 - 0x2ab52fff AccessibilityUIUtilities armv7s  <ac01aa32ca813359bd7f23c019556a87> /System/Library/PrivateFrameworks/Accessibility.framework/Frameworks/AccessibilityUIUtilities.framework/AccessibilityUIUtilities
0x2ab55000 - 0x2ab58fff ZoomServices armv7s  <97536dda27393a3995c76780b138f3be> /System/Library/PrivateFrameworks/Accessibility.framework/Frameworks/ZoomServices.framework/ZoomServices
0x2ab59000 - 0x2abb6fff AccessibilityUtilities armv7s  <770e10e60c9038ddb2244444205e971b> /System/Library/PrivateFrameworks/AccessibilityUtilities.framework/AccessibilityUtilities
0x2ac39000 - 0x2ac3dfff AggregateDictionary armv7s  <2d0c7a3513f83c5f9bee3f7daa8b943d> /System/Library/PrivateFrameworks/AggregateDictionary.framework/AggregateDictionary
0x2ae07000 - 0x2ae0afff AirPlaySupport armv7s  <327bf726555d3648992f157dedd047ea> /System/Library/PrivateFrameworks/AirPlaySupport.framework/AirPlaySupport
0x2b010000 - 0x2b04efff AppSupport armv7s  <20c775efcb9a3abd8ab48a9e615a3c44> /System/Library/PrivateFrameworks/AppSupport.framework/AppSupport
0x2b192000 - 0x2b1d0fff AppleJPEG armv7s  <01f449473a313dde936965d8c02189da> /System/Library/PrivateFrameworks/AppleJPEG.framework/AppleJPEG
0x2b1ee000 - 0x2b1f4fff AppleSRP armv7s  <581ce7730aaa3349841415c3ca101fe6> /System/Library/PrivateFrameworks/AppleSRP.framework/AppleSRP
0x2b229000 - 0x2b232fff AssertionServices armv7s  <6e95a95d8d593dec9a5be57acf647aab> /System/Library/PrivateFrameworks/AssertionServices.framework/AssertionServices
0x2b233000 - 0x2b24dfff AssetsLibraryServices armv7s  <0714d720b57d34b2af35f1e211e9e898> /System/Library/PrivateFrameworks/AssetsLibraryServices.framework/AssetsLibraryServices
0x2b24e000 - 0x2b285fff AssistantServices armv7s  <5f8596f39335399b8f8e3c982246e97a> /System/Library/PrivateFrameworks/AssistantServices.framework/AssistantServices
0x2b2b5000 - 0x2b2b7fff BTLEAudioController armv7s  <e61b355909e838eaaa52c3e7784812a2> /System/Library/PrivateFrameworks/BTLEAudioController.framework/BTLEAudioController
0x2b2b8000 - 0x2b2d0fff BackBoardServices armv7s  <eaf29989c6633acdb908fce01810dc34> /System/Library/PrivateFrameworks/BackBoardServices.framework/BackBoardServices
0x2b2d3000 - 0x2b308fff BaseBoard armv7s  <71df6130ce6035cc8b6e942e66c926ce> /System/Library/PrivateFrameworks/BaseBoard.framework/BaseBoard
0x2b309000 - 0x2b30ffff BluetoothManager armv7s  <27bb35cc18253e408c361cef2e5b3422> /System/Library/PrivateFrameworks/BluetoothManager.framework/BluetoothManager
0x2b55a000 - 0x2b562fff CaptiveNetwork armv7s  <e03089cdda433277bd23208f0b0921cb> /System/Library/PrivateFrameworks/CaptiveNetwork.framework/CaptiveNetwork
0x2b56b000 - 0x2b68ffff Celestial armv7s  <cbbc81242f4c32bab56a660f39ef05ff> /System/Library/PrivateFrameworks/Celestial.framework/Celestial
0x2bd5f000 - 0x2bd6ffff CommonUtilities armv7s  <3fcee9b0187b38e88cce821158f838e8> /System/Library/PrivateFrameworks/CommonUtilities.framework/CommonUtilities
0x2bde8000 - 0x2bdecfff ConstantClasses armv7s  <d7c61e08b6363051a18b353b58409299> /System/Library/PrivateFrameworks/ConstantClasses.framework/ConstantClasses
0x2be26000 - 0x2be2dfff CoreAUC armv7s  <4244d006a3ec324fb580ee5d6b818452> /System/Library/PrivateFrameworks/CoreAUC.framework/CoreAUC
0x2bea8000 - 0x2becafff CoreDuet armv7s  <a835acb6ff1636eaab101556b4318e08> /System/Library/PrivateFrameworks/CoreDuet.framework/CoreDuet
0x2bed0000 - 0x2bee0fff CoreDuetDaemonProtocol armv7s  <46e48036085c3dd6b87df9958e2d15be> /System/Library/PrivateFrameworks/CoreDuetDaemonProtocol.framework/CoreDuetDaemonProtocol
0x2bee7000 - 0x2bee9fff CoreDuetDebugLogging armv7s  <c6136a71532c33e2a8a5a7ad73ecb881> /System/Library/PrivateFrameworks/CoreDuetDebugLogging.framework/CoreDuetDebugLogging
0x2c155000 - 0x2c1f0fff CorePDF armv7s  <03e8f88ecea939f59a04c6aad3422d41> /System/Library/PrivateFrameworks/CorePDF.framework/CorePDF
0x2c2dc000 - 0x2c2fbfff CoreServicesInternal armv7s  <7feb1820ff773a63a4779a217668426c> /System/Library/PrivateFrameworks/CoreServicesInternal.framework/CoreServicesInternal
0x2c444000 - 0x2c4b4fff CoreSymbolication armv7s  <2a3cf33fc362373094d43a5cf226bd4c> /System/Library/PrivateFrameworks/CoreSymbolication.framework/CoreSymbolication
0x2c4fc000 - 0x2c57dfff CoreUI armv7s  <ebde90e8a1e03076ae284dacaedcab24> /System/Library/PrivateFrameworks/CoreUI.framework/CoreUI
0x2c57e000 - 0x2c603fff CoreUtils armv7s  <6b6182f1bc1130a4953f19c5c6dbb48b> /System/Library/PrivateFrameworks/CoreUtils.framework/CoreUtils
0x2c604000 - 0x2c609fff CrashReporterSupport armv7s  <fa497fa7cc0f37d482586114fb738d2b> /System/Library/PrivateFrameworks/CrashReporterSupport.framework/CrashReporterSupport
0x2c853000 - 0x2c874fff DataAccessExpress armv7s  <58d1cd8f1672326e860657cd5325a614> /System/Library/PrivateFrameworks/DataAccessExpress.framework/DataAccessExpress
0x2c87f000 - 0x2c896fff DataDetectorsCore armv7s  <a555d1970cb63c93be6c377fe6d4e3d3> /System/Library/PrivateFrameworks/DataDetectorsCore.framework/DataDetectorsCore
0x2c8b2000 - 0x2c8b8fff DataMigration armv7s  <3d6537563d2a348cbf18f480515ea011> /System/Library/PrivateFrameworks/DataMigration.framework/DataMigration
0x2c8ce000 - 0x2c8cffff DiagnosticLogCollection armv7s  <45fcb780371b39b895d1f5860ef9754c> /System/Library/PrivateFrameworks/DiagnosticLogCollection.framework/DiagnosticLogCollection
0x2c8d0000 - 0x2c8eafff DictionaryServices armv7s  <aec470e621323f888da84f52f34e85ff> /System/Library/PrivateFrameworks/DictionaryServices.framework/DictionaryServices
0x2c909000 - 0x2c928fff EAP8021X armv7s  <8e8abc4196bb334ebc65daa130b8d097> /System/Library/PrivateFrameworks/EAP8021X.framework/EAP8021X
0x2ca5f000 - 0x2ce82fff FaceCore armv7s  <a432598604223490bf36f5d365c534d1> /System/Library/PrivateFrameworks/FaceCore.framework/FaceCore
0x2ceaa000 - 0x2ceaafff FontServices armv7s  <e74b3a53ea453df39e593a4da900bbd1> /System/Library/PrivateFrameworks/FontServices.framework/FontServices
0x2ceab000 - 0x2cf80fff libFontParser.dylib armv7s  <02b5828dc64c37df9c8b7f15f60868bb> /System/Library/PrivateFrameworks/FontServices.framework/libFontParser.dylib
0x2cf81000 - 0x2cf90fff libGSFontCache.dylib armv7s  <c74ab40707df30c3a0e27b4ecf050571> /System/Library/PrivateFrameworks/FontServices.framework/libGSFontCache.dylib
0x2d074000 - 0x2d090fff FrontBoardServices armv7s  <f749d3b605613f07b98ccfe78ae1c379> /System/Library/PrivateFrameworks/FrontBoardServices.framework/FrontBoardServices
0x2d9e3000 - 0x2dca5fff GeoServices armv7s  <ef5b58fcd6de38ed90629d73ac735ddd> /System/Library/PrivateFrameworks/GeoServices.framework/GeoServices
0x2dca6000 - 0x2dcb6fff GraphicsServices armv7s  <60788990f47c3449869370cc1dd508fe> /System/Library/PrivateFrameworks/GraphicsServices.framework/GraphicsServices
0x2dfa7000 - 0x2e006fff IDS armv7s  <91098f0b73813a2e9eed7dc04d9c40f0> /System/Library/PrivateFrameworks/IDS.framework/IDS
0x2e007000 - 0x2e032fff IDSFoundation armv7s  <75f25f55889c3adfb608cc5b4223601c> /System/Library/PrivateFrameworks/IDSFoundation.framework/IDSFoundation
0x2e1e9000 - 0x2e24dfff IMFoundation armv7s  <f5581360600a30c8a4309eda30a1a55b> /System/Library/PrivateFrameworks/IMFoundation.framework/IMFoundation
0x2e255000 - 0x2e258fff IOAccelerator armv7s  <af7982749dc937d785392cbdbe6301ae> /System/Library/PrivateFrameworks/IOAccelerator.framework/IOAccelerator
0x2e25b000 - 0x2e261fff IOMobileFramebuffer armv7s  <ef06a0c97cd73bcdbeded953171ad842> /System/Library/PrivateFrameworks/IOMobileFramebuffer.framework/IOMobileFramebuffer
0x2e262000 - 0x2e267fff IOSurface armv7s  <975e7ff016b8302c9685f8c7dcc7e5da> /System/Library/PrivateFrameworks/IOSurface.framework/IOSurface
0x2e268000 - 0x2e269fff IOSurfaceAccelerator armv7s  <c734b80ca117372aa7f049311e192fb0> /System/Library/PrivateFrameworks/IOSurfaceAccelerator.framework/IOSurfaceAccelerator
0x2e30a000 - 0x2e310fff IntlPreferences armv7s  <b7e310139a2935fa86400a3f91f6501a> /System/Library/PrivateFrameworks/IntlPreferences.framework/IntlPreferences
0x2e311000 - 0x2e34afff LanguageModeling armv7s  <6f5fab4552c239dc89642b8dffbedcfb> /System/Library/PrivateFrameworks/LanguageModeling.framework/LanguageModeling
0x2e4b2000 - 0x2e553fff ManagedConfiguration armv7s  <1d145f4dc840369fbce1ae9215f38bb9> /System/Library/PrivateFrameworks/ManagedConfiguration.framework/ManagedConfiguration
0x2e562000 - 0x2e563fff Marco armv7s  <42d9623b239a3b8aac66e78f8d32cb6d> /System/Library/PrivateFrameworks/Marco.framework/Marco
0x2e564000 - 0x2e5dbfff MediaControlSender armv7s  <63aba02f6af932adbdbce873b88b3e11> /System/Library/PrivateFrameworks/MediaControlSender.framework/MediaControlSender
0x2e677000 - 0x2e68bfff MediaRemote armv7s  <5697cdbe23a8338297abc4426d8616de> /System/Library/PrivateFrameworks/MediaRemote.framework/MediaRemote
0x2e68c000 - 0x2e69efff MediaServices armv7s  <642d2a280f5b3b368fb3f731130ab417> /System/Library/PrivateFrameworks/MediaServices.framework/MediaServices
0x2e812000 - 0x2e81ffff MobileAsset armv7s  <568716310e73314aa071cf182b024122> /System/Library/PrivateFrameworks/MobileAsset.framework/MobileAsset
0x2e847000 - 0x2e850fff MobileBluetooth armv7s  <df97d2cf11b73ff5abe1f7edd9000ddc> /System/Library/PrivateFrameworks/MobileBluetooth.framework/MobileBluetooth
0x2e86c000 - 0x2e874fff MobileIcons armv7s  <46efa94367863e49bce650d02a47ae9c> /System/Library/PrivateFrameworks/MobileIcons.framework/MobileIcons
0x2e875000 - 0x2e87cfff MobileInstallation armv7s  <ddf4aae19b633e2397b928f98963bc18> /System/Library/PrivateFrameworks/MobileInstallation.framework/MobileInstallation
0x2e87d000 - 0x2e889fff MobileKeyBag armv7s  <3aa1646befc730c18401215d46c44c3b> /System/Library/PrivateFrameworks/MobileKeyBag.framework/MobileKeyBag
0x2e8b6000 - 0x2e8b9fff MobileSystemServices armv7s  <4eb2fc5f453e35858d605b800db8ee4c> /System/Library/PrivateFrameworks/MobileSystemServices.framework/MobileSystemServices
0x2e8dc000 - 0x2e8e9fff MobileWiFi armv7s  <fd519c22073a39be89a81bbd15f33dc7> /System/Library/PrivateFrameworks/MobileWiFi.framework/MobileWiFi
0x2eba8000 - 0x2ebbcfff NanoRegistry armv7s  <6004688515aa35d59cdb218cb852f09e> /System/Library/PrivateFrameworks/NanoRegistry.framework/NanoRegistry
0x2ebc7000 - 0x2ebccfff Netrb armv7s  <e1cfa2c72931331ea365b8d81bb6fc00> /System/Library/PrivateFrameworks/Netrb.framework/Netrb
0x2ebcd000 - 0x2ebd3fff NetworkStatistics armv7s  <530f6c3a7f5f309a91ed20c2ee53a28c> /System/Library/PrivateFrameworks/NetworkStatistics.framework/NetworkStatistics
0x2ebf7000 - 0x2ebf9fff OAuth armv7s  <83d96c311b3034b08287c15aad96c125> /System/Library/PrivateFrameworks/OAuth.framework/OAuth
0x2f35d000 - 0x2f399fff OpenCL armv7s  <82e2e5ca462d37bb85efb30ef578b0f5> /System/Library/PrivateFrameworks/OpenCL.framework/OpenCL
0x2f4c3000 - 0x2f4eafff PersistentConnection armv7s  <3d578327851134c187d4291d1935028b> /System/Library/PrivateFrameworks/PersistentConnection.framework/PersistentConnection
0x2f90d000 - 0x2f957fff PhysicsKit armv7s  <495edbd37afc33918dd14d16c8ad1731> /System/Library/PrivateFrameworks/PhysicsKit.framework/PhysicsKit
0x2f96f000 - 0x2f976fff PowerLog armv7s  <a29782147ada31ca8a902c9dbd751747> /System/Library/PrivateFrameworks/PowerLog.framework/PowerLog
0x2fb80000 - 0x2fc30fff Preferences armv7s  <dfbbf553edd2318a848826ecfe535e9b> /System/Library/PrivateFrameworks/Preferences.framework/Preferences
0x2fc73000 - 0x2fd0afff ProofReader armv7s  <2a2f5066399a3dceaafa36c14bb817d6> /System/Library/PrivateFrameworks/ProofReader.framework/ProofReader
0x2fd2d000 - 0x2fd39fff ProtocolBuffer armv7s  <98d1e21e9aad38c9a7e921db710784c6> /System/Library/PrivateFrameworks/ProtocolBuffer.framework/ProtocolBuffer
0x2fd6e000 - 0x2fdddfff Quagga armv7s  <af105cedb0cb360fb755ad376eadea50> /System/Library/PrivateFrameworks/Quagga.framework/Quagga
0x30036000 - 0x300c9fff SAObjects armv7s  <e3a0941808fe350da360d5e306327e0d> /System/Library/PrivateFrameworks/SAObjects.framework/SAObjects
0x300d6000 - 0x300f6fff ScreenReaderCore armv7s  <81e7b01ac1653a9d8a11fdad57813fde> /System/Library/PrivateFrameworks/ScreenReaderCore.framework/ScreenReaderCore
0x30258000 - 0x30272fff SpringBoardServices armv7s  <fde27e3444c038f9a73ff79c177de03b> /System/Library/PrivateFrameworks/SpringBoardServices.framework/SpringBoardServices
0x305e5000 - 0x30712fff StoreServices armv7s  <7178a37e52973d11b543f0145e2e92e8> /System/Library/PrivateFrameworks/StoreServices.framework/StoreServices
0x307ef000 - 0x307f2fff TCC armv7s  <3a8b5bc9e9153ef8ae342d0b01a4e10b> /System/Library/PrivateFrameworks/TCC.framework/TCC
0x31732000 - 0x3175afff TextInput armv7s  <b810650dd91f364f9f3eeca9aeb119dd> /System/Library/PrivateFrameworks/TextInput.framework/TextInput
0x3175b000 - 0x3176efff TextToSpeech armv7s  <9420914077e83a5ca33910d106b064e9> /System/Library/PrivateFrameworks/TextToSpeech.framework/TextToSpeech
0x317e5000 - 0x31819fff UIAccessibility armv7s  <7e231b1c96333036b9517086b9893f24> /System/Library/PrivateFrameworks/UIAccessibility.framework/UIAccessibility
0x3181a000 - 0x318dcfff UIFoundation armv7s  <58e716843be033d3ac788cf6f23fed6c> /System/Library/PrivateFrameworks/UIFoundation.framework/UIFoundation
0x318fe000 - 0x31901fff UserFS armv7s  <ebf21c0004ff3729a237823c036c25a1> /System/Library/PrivateFrameworks/UserFS.framework/UserFS
0x3208b000 - 0x320aafff VoiceServices armv7s  <488f0d01feec3b77af10499f41c1dd17> /System/Library/PrivateFrameworks/VoiceServices.framework/VoiceServices
0x32180000 - 0x32d0dfff WebCore armv7s  <7914606a7778367ca5bd0740254a9198> /System/Library/PrivateFrameworks/WebCore.framework/WebCore
0x32d0e000 - 0x32dccfff WebKitLegacy armv7s  <4f6c30c1e73c356c92a245d36a2662b5> /System/Library/PrivateFrameworks/WebKitLegacy.framework/WebKitLegacy
0x33c3f000 - 0x33c40fff libAXSafeCategoryBundle.dylib armv7s  <c4c84551e69d30b0a322438bac91a46f> /usr/lib/libAXSafeCategoryBundle.dylib
0x33c41000 - 0x33c47fff libAXSpeechManager.dylib armv7s  <9f97a9b2cd09360e8bbaad9aea25ddf2> /usr/lib/libAXSpeechManager.dylib
0x33c48000 - 0x33c50fff libAccessibility.dylib armv7s  <d4c4927e7a2e3bfa97b4e7f7af824fde> /usr/lib/libAccessibility.dylib
0x33d82000 - 0x33d98fff libCRFSuite.dylib armv7s  <0417d8a772123ae5844b327bf7200226> /usr/lib/libCRFSuite.dylib
0x33dcb000 - 0x33ecffff libFosl_dynamic.dylib armv7s  <c02a4e28330e3fba8624972c94f0313c> /usr/lib/libFosl_dynamic.dylib
0x33ee7000 - 0x33ee8fff libMobileCheckpoint.dylib armv7s  <9516c9e7a8f13ee7b9aa5182272d1f1e> /usr/lib/libMobileCheckpoint.dylib
0x33ee9000 - 0x33f00fff libMobileGestalt.dylib armv7s  <3d736df2b7813049bf0d3c0cc9f179a9> /usr/lib/libMobileGestalt.dylib
0x33f26000 - 0x33f27fff libSystem.B.dylib armv7s  <5f0a05078ac435a69b56c65a79ae2571> /usr/lib/libSystem.B.dylib
0x33f98000 - 0x33fdcfff libTelephonyUtilDynamic.dylib armv7s  <e190ac82007334daa222aa9541ab3001> /usr/lib/libTelephonyUtilDynamic.dylib
0x340ec000 - 0x3410efff libarchive.2.dylib armv7s  <af25e47fa1fb39beb99707ab6167f3bd> /usr/lib/libarchive.2.dylib
0x3410f000 - 0x3410ffff libassertion_extension.dylib armv7s  <1a9a539245293e62beca1401f9e71b02> /usr/lib/libassertion_extension.dylib
0x3413e000 - 0x3414afff libbsm.0.dylib armv7s  <a1dad63613cb341fba0f4e631d2c1738> /usr/lib/libbsm.0.dylib
0x3414b000 - 0x34154fff libbz2.1.0.dylib armv7s  <b17a5181a24636779cb19f6009d0dea9> /usr/lib/libbz2.1.0.dylib
0x34155000 - 0x3419ffff libc++.1.dylib armv7s  <3ba84aaae42b37b8937f97eb1cd307a2> /usr/lib/libc++.1.dylib
0x341a0000 - 0x341bbfff libc++abi.dylib armv7s  <fa188fe500c63e0cb971c907972b51fb> /usr/lib/libc++abi.dylib
0x341bd000 - 0x341cafff libcmph.dylib armv7s  <adafaf048abf37f889d15d44be6cadf3> /usr/lib/libcmph.dylib
0x341fa000 - 0x34213fff libextension.dylib armv7s  <13c0b828b4b936f1a8430229b3726eb1> /usr/lib/libextension.dylib
0x34236000 - 0x34323fff libiconv.2.dylib armv7s  <ebcdb4381dd73980807d46c5c369a4d9> /usr/lib/libiconv.2.dylib
0x34324000 - 0x34492fff libicucore.A.dylib armv7s  <3d77e5a37b7136168c64109c3f4480c7> /usr/lib/libicucore.A.dylib
0x3449f000 - 0x3449ffff liblangid.dylib armv7s  <2e9dd1830d9e3367bb7073f57ca48c6f> /usr/lib/liblangid.dylib
0x344a0000 - 0x344aafff liblockdown.dylib armv7s  <0e327373884b3fee817ea36a67d55296> /usr/lib/liblockdown.dylib
0x344ab000 - 0x344c0fff liblzma.5.dylib armv7s  <d9f96126a4493f4e8d84b7fe1a4f6d83> /usr/lib/liblzma.5.dylib
0x3483b000 - 0x34850fff libmis.dylib armv7s  <219fc7ab65d23ab297e5769ea94035ce> /usr/lib/libmis.dylib
0x3487b000 - 0x34a75fff libobjc.A.dylib armv7s  <c6f13fe6aebc31b8a4163ecce4ab0c74> /usr/lib/libobjc.A.dylib
0x34b6a000 - 0x34c1bfff libsqlite3.dylib armv7s  <2fc8e4a9f7333287bb32d9530bc0e466> /usr/lib/libsqlite3.dylib
0x34c69000 - 0x34c8ffff libtidy.A.dylib armv7s  <c20f587e410f323a8ff825ff67787a43> /usr/lib/libtidy.A.dylib
0x34c90000 - 0x34c98fff libtzupdate.dylib armv7s  <e8fd259c09c63a37b56d4b714ffe9767> /usr/lib/libtzupdate.dylib
0x34c9c000 - 0x34d52fff libxml2.2.dylib armv7s  <77114e116fa13e8bb9f71ac5a2fed400> /usr/lib/libxml2.2.dylib
0x34d53000 - 0x34d74fff libxslt.1.dylib armv7s  <f9dc864553803206b77f2c85c598b880> /usr/lib/libxslt.1.dylib
0x34d75000 - 0x34d81fff libz.1.dylib armv7s  <5456d5e61cde3d808a09e0a106dae524> /usr/lib/libz.1.dylib
0x34d82000 - 0x34d86fff libcache.dylib armv7s  <35b16365f24d3583b54ed5494e4e3fe8> /usr/lib/system/libcache.dylib
0x34d87000 - 0x34d90fff libcommonCrypto.dylib armv7s  <86e8907ed0063ce5aecd8d5fd3a9ea03> /usr/lib/system/libcommonCrypto.dylib
0x34d91000 - 0x34d95fff libcompiler_rt.dylib armv7s  <1583f17c628e3ae0bd826648d9693a95> /usr/lib/system/libcompiler_rt.dylib
0x34d96000 - 0x34d9cfff libcopyfile.dylib armv7s  <fa04bd4afa5e34c8b213148516fc7ee8> /usr/lib/system/libcopyfile.dylib
0x34d9d000 - 0x34deafff libcorecrypto.dylib armv7s  <827eda6bb6313bd696b066091efbe650> /usr/lib/system/libcorecrypto.dylib
0x34deb000 - 0x34e0bfff libdispatch.dylib armv7s  <7c9ae65f877f357c93bcae0733fda025> /usr/lib/system/libdispatch.dylib
0x34e0c000 - 0x34e0dfff libdyld.dylib armv7s  <2b9f1320d18433c483d01d5ee8b82130> /usr/lib/system/libdyld.dylib
0x34e0e000 - 0x34e0efff libkeymgr.dylib armv7s  <095faf9cc4d1302d98a3668b54fd43eb> /usr/lib/system/libkeymgr.dylib
0x34e0f000 - 0x34e0ffff liblaunch.dylib armv7s  <4539754ba32f3503bf0a1e84abc24464> /usr/lib/system/liblaunch.dylib
0x34e10000 - 0x34e13fff libmacho.dylib armv7s  <999d7e70f9fb3450b87bb7090ea4011a> /usr/lib/system/libmacho.dylib
0x34e14000 - 0x34e15fff libremovefile.dylib armv7s  <fcdc6d90b877387d92ad7d43ed18c38e> /usr/lib/system/libremovefile.dylib
0x34e16000 - 0x34e27fff libsystem_asl.dylib armv7s  <ad91a54f184b38aca17c1374b2b93fdd> /usr/lib/system/libsystem_asl.dylib
0x34e28000 - 0x34e28fff libsystem_blocks.dylib armv7s  <4dce3cbac71833779bb57e8e96ba578b> /usr/lib/system/libsystem_blocks.dylib
0x34e29000 - 0x34e8cfff libsystem_c.dylib armv7s  <b3f0052bc5573ff294ec22c26d03ecf1> /usr/lib/system/libsystem_c.dylib
0x34e8d000 - 0x34e8ffff libsystem_configuration.dylib armv7s  <aa39ab32ccce3c60861a1c86c7f6c0ca> /usr/lib/system/libsystem_configuration.dylib
0x34e90000 - 0x34e91fff libsystem_coreservices.dylib armv7s  <f7f867c9730d3b83a663474d32315a1b> /usr/lib/system/libsystem_coreservices.dylib
0x34e92000 - 0x34e9efff libsystem_coretls.dylib armv7s  <f021da49c469378ab2beaba45ceee5cf> /usr/lib/system/libsystem_coretls.dylib
0x34e9f000 - 0x34ea5fff libsystem_dnssd.dylib armv7s  <d6dc8bb4818a3881954437f37f39a37f> /usr/lib/system/libsystem_dnssd.dylib
0x34ea6000 - 0x34ec2fff libsystem_info.dylib armv7s  <9be4c5d427763fe791fd7b1f955e354f> /usr/lib/system/libsystem_info.dylib
0x34ec3000 - 0x34eddfff libsystem_kernel.dylib armv7s  <b3042ccef831391f9c3214e734e1f32d> /usr/lib/system/libsystem_kernel.dylib
0x34ede000 - 0x34efdfff libsystem_m.dylib armv7s  <88af2f37462c30c8b33bad7c9585dff5> /usr/lib/system/libsystem_m.dylib
0x34efe000 - 0x34f10fff libsystem_malloc.dylib armv7s  <a9735eeed02e3f8f959b77a566ce9323> /usr/lib/system/libsystem_malloc.dylib
0x34f11000 - 0x34f3ffff libsystem_network.dylib armv7s  <dc6512a657cd3b328d86c498093a75cf> /usr/lib/system/libsystem_network.dylib
0x34f40000 - 0x34f45fff libsystem_networkextension.dylib armv7s  <e400ff3f6e1c38d9848c76b408eef773> /usr/lib/system/libsystem_networkextension.dylib
0x34f46000 - 0x34f4dfff libsystem_notify.dylib armv7s  <731cf3bc3cdd3404ab6ec65ee232516d> /usr/lib/system/libsystem_notify.dylib
0x34f4e000 - 0x34f52fff libsystem_platform.dylib armv7s  <ce543a1aa7863afe952ca193aa0c2b2f> /usr/lib/system/libsystem_platform.dylib
0x34f53000 - 0x34f59fff libsystem_pthread.dylib armv7s  <258956c52a68341bac9037afb0499a15> /usr/lib/system/libsystem_pthread.dylib
0x34f5a000 - 0x34f5cfff libsystem_sandbox.dylib armv7s  <0119449b9f41340fb6f92ac0a4b28fcd> /usr/lib/system/libsystem_sandbox.dylib
0x34f5d000 - 0x34f60fff libsystem_stats.dylib armv7s  <25da756d94d63c718412a6f233c99c85> /usr/lib/system/libsystem_stats.dylib
0x34f61000 - 0x34f66fff libsystem_trace.dylib armv7s  <f0e0c25613de365583ff70d62295114b> /usr/lib/system/libsystem_trace.dylib
0x34f67000 - 0x34f67fff libunwind.dylib armv7s  <241fa68cfaf333d280d66e132f7efdbe> /usr/lib/system/libunwind.dylib
0x34f68000 - 0x34f83fff libxpc.dylib armv7s  <8db46991f18235e38e95918a4007aa7a> /usr/lib/system/libxpc.dylib
